; 
(set-info :status unknown)
(declare-fun _0 (Int Int) Bool)
(declare-fun _1 (Int Int) Bool)
(declare-fun time () Int)
(declare-fun var0 () Int)
(declare-fun _2 (Int Int) Bool)
(declare-fun _3 (Int Int) Bool)
(declare-fun _4 (Int Int) Bool)
(declare-fun _5 (Int Int) Bool)
(declare-fun _6 (Int Int) Bool)
(declare-fun _7 (Int Int) Bool)
(declare-fun _8 (Int Int) Bool)
(declare-fun _9 (Int Int) Bool)
(declare-fun _10 (Int Int) Bool)
(assert
 (_0 0 0))
(assert
 (let ((?x31 (+ time 1)))
 (let ((?x33 (+ var0 1)))
 (let (($x37 (_1 ?x33 ?x31)))
 (let (($x32 (_0 var0 time)))
 (ite $x32 $x37 false))))))
(assert
 (let ((?x31 (+ time 1)))
 (let ((?x33 (+ var0 1)))
 (let (($x43 (_2 ?x33 ?x31)))
 (let (($x35 (_1 var0 time)))
 (ite $x35 $x43 false))))))
(assert
 (let ((?x31 (+ time 1)))
 (let ((?x33 (+ var0 1)))
 (let (($x47 (_3 ?x33 ?x31)))
 (let (($x36 (_2 var0 time)))
 (ite $x36 $x47 false))))))
(assert
 (let ((?x31 (+ time 1)))
 (let ((?x33 (+ var0 1)))
 (let (($x51 (_4 ?x33 ?x31)))
 (let (($x42 (_3 var0 time)))
 (ite $x42 $x51 false))))))
(assert
 (let ((?x31 (+ time 1)))
 (let ((?x33 (+ var0 1)))
 (let (($x55 (_5 ?x33 ?x31)))
 (let (($x46 (_4 var0 time)))
 (ite $x46 $x55 false))))))
(assert
 (let ((?x31 (+ time 1)))
 (let ((?x33 (+ var0 1)))
 (let (($x59 (_6 ?x33 ?x31)))
 (let (($x50 (_5 var0 time)))
 (ite $x50 $x59 false))))))
(assert
 (let ((?x31 (+ time 1)))
 (let ((?x33 (+ var0 1)))
 (let (($x63 (_7 ?x33 ?x31)))
 (let (($x54 (_6 var0 time)))
 (ite $x54 $x63 false))))))
(assert
 (let ((?x31 (+ time 1)))
 (let ((?x33 (+ var0 1)))
 (let (($x67 (_8 ?x33 ?x31)))
 (let (($x58 (_7 var0 time)))
 (ite $x58 $x67 false))))))
(assert
 (let ((?x31 (+ time 1)))
 (let ((?x33 (+ var0 1)))
 (let (($x71 (_9 ?x33 ?x31)))
 (let (($x62 (_8 var0 time)))
 (ite $x62 $x71 false))))))
(assert
 (let ((?x31 (+ time 1)))
 (let ((?x33 (+ var0 1)))
 (let (($x75 (_10 ?x33 ?x31)))
 (let (($x66 (_9 var0 time)))
 (ite $x66 $x75 false))))))
(assert
 (forall ((time Int) )(let (($x89 (forall ((var0 Int) )(not (_9 var0 time)))
 ))
 (=> (and (>= time 0) (< time 20)) $x89)))
 )
(check-sat)
